[31m[ERROR] [1516864669.752727717]: enter ros[0m

ORB-SLAM2 Copyright (C) 2014-2016 Raul Mur-Artal, University of Zaragoza.
This program comes with ABSOLUTELY NO WARRANTY;
This is free software, and you are welcome to redistribute it
under certain conditions. See LICENSE.txt.

Input sensor was set to: RGB-D
layer     filters    size              input                output
    0 conv     16  3 x 3 / 1   320 x 240 x   3   ->   320 x 240 x  16
    1 max          2 x 2 / 2   320 x 240 x  16   ->   160 x 120 x  16
    2 conv     32  3 x 3 / 1   160 x 120 x  16   ->   160 x 120 x  32
    3 max          2 x 2 / 2   160 x 120 x  32   ->    80 x  60 x  32
    4 conv     64  3 x 3 / 1    80 x  60 x  32   ->    80 x  60 x  64
    5 max          2 x 2 / 2    80 x  60 x  64   ->    40 x  30 x  64
    6 conv    128  3 x 3 / 1    40 x  30 x  64   ->    40 x  30 x 128
    7 max          2 x 2 / 2    40 x  30 x 128   ->    20 x  15 x 128
    8 conv    256  3 x 3 / 1    20 x  15 x 128   ->    20 x  15 x 256
    9 max          2 x 2 / 2    20 x  15 x 256   ->    10 x   7 x 256
   10 conv    512  3 x 3 / 1    10 x   7 x 256   ->    10 x   7 x 512
   11 max          2 x 2 / 1    10 x   7 x 512   ->    10 x   7 x 512
   12 conv   1024  3 x 3 / 1    10 x   7 x 512   ->    10 x   7 x1024
   13 conv    512  3 x 3 / 1    10 x   7 x1024   ->    10 x   7 x 512
   14 conv    425  1 x 1 / 1    10 x   7 x 512   ->    10 x   7 x 425
   15 detection
mask_scale: Using default '1.000000'
Loading weights from /home/lucky/MyLib/darknet/tiny-yolo.weights...Done!

Loading ORB Vocabulary. This could take a while...
Vocabulary loaded!


Camera Parameters: 
- fx: 285.171
- fy: 285.171
- cx: 159.5
- cy: 119.5
- k1: 0
- k2: 0
- p1: 0
- p2: 0
- fps: 30
- color order: RGB (ignored if grayscale)

ORB Extractor Parameters: 
- Number of Features: 1000
- Scale Levels: 8
- Scale Factor: 1.2
- Initial Fast Threshold: 20
- Minimum Fast Threshold: 7

Depth Threshold (Close/Far Points): 7.01333
show
New map created with 816 points
Predicted in 0.112112 seconds.
cloud 76800
Predicted in 0.029894 seconds.
cloud 76800
Predicted in 0.028423 seconds.
cloud 76800
123 cup : 42%
detect complete
send complete
Predicted in 0.030818 seconds.
cloud 76800
136 bowl : 35%
243 tvmonitor : 75%
detect complete
send complete
Predicted in 0.027879 seconds.
cloud 76800
243 tvmonitor : 67%
detect complete
send complete
Predicted in 0.028600 seconds.
cloud 76800
171 tvmonitor : 73%
244 tvmonitor : 43%
detect complete
send complete
Predicted in 0.029213 seconds.
cloud 76800
58 cup : 39%
66 mouse : 48%
121 mouse : 50%
127 cup : 59%
172 tvmonitor : 51%
detect complete
send complete
Predicted in 0.055734 seconds.
cloud 76800
243 tvmonitor : 43%
264 car : 51%
detect complete
send complete
Predicted in 0.027247 seconds.
cloud 76800
174 tvmonitor : 52%
detect complete
send complete
Predicted in 0.031085 seconds.
cloud 76800
236 tvmonitor : 81%
detect complete
send complete
Predicted in 0.029358 seconds.
cloud 76800
122 cup : 67%
123 person : 43%
167 tvmonitor : 63%
detect complete
send complete
Predicted in 0.030161 seconds.
cloud 76800
123 cup : 91%
124 cup : 40%
129 bowl : 36%
168 tvmonitor : 51%
232 tvmonitor : 49%
detect complete
send complete
Predicted in 0.032097 seconds.
cloud 76800
45 cup : 37%
92 tvmonitor : 50%
121 keyboard : 76%
126 cup : 82%
detect complete
send complete
Predicted in 0.028706 seconds.
cloud 76800
30 book : 35%
31 book : 38%
93 tvmonitor : 70%
100 book : 47%
106 tvmonitor : 36%
122 keyboard : 77%
127 cup : 80%
detect complete
send complete
Predicted in 0.030831 seconds.
cloud 76800
20 book : 40%
45 mouse : 53%
94 tvmonitor : 82%
112 keyboard : 38%
127 cup : 84%
167 tvmonitor : 80%
detect complete
send complete
Predicted in 0.029765 seconds.
cloud 76800
96 tvmonitor : 83%
115 keyboard : 58%
129 cup : 76%
detect complete
send complete
Predicted in 0.025308 seconds.
cloud 76800
98 tvmonitor : 67%
324 person : 49%
detect complete
send complete
Predicted in 0.027116 seconds.
cloud 76800
98 tvmonitor : 68%
324 person : 51%
detect complete
send complete
Predicted in 0.027476 seconds.
cloud 76800
48 cup : 36%
96 tvmonitor : 48%
128 cup : 49%
323 person : 53%
detect complete
send complete
Predicted in 0.034366 seconds.
cloud 76800
95 tvmonitor : 67%
114 keyboard : 56%
128 cup : 72%
171 person : 40%
detect complete
send complete
Predicted in 0.033254 seconds.
cloud 76800
105 tvmonitor : 65%
123 keyboard : 69%
137 cup : 68%
247 tvmonitor : 47%
detect complete
send complete
Predicted in 0.027616 seconds.
cloud 76800
21 book : 40%
45 mouse : 52%
113 keyboard : 68%
127 cup : 80%
detect complete
send complete
Predicted in 0.034073 seconds.
cloud 76800
95 tvmonitor : 37%
102 book : 44%
126 cup : 70%
detect complete
send complete
Predicted in 0.032896 seconds.
cloud 76800
44 mouse : 35%
125 cup : 77%
detect complete
send complete
Predicted in 0.036950 seconds.
cloud 76800
94 tvmonitor : 41%
125 cup : 89%
detect complete
send complete
Predicted in 0.027089 seconds.
cloud 76800
94 tvmonitor : 38%
101 book : 49%
125 cup : 84%
detect complete
send complete
